C:\lscc\diamond\3.9_x64\synpbase\bin64\c_hdl.exe  -osyn  C:\Users\lvale\Documents\TinyFPGA\repos\TinyFPGA-Bootloader\boards\TinyFPGA_EX\impl\synwork\diamond_impl_comp.srs  -top  TinyFPGA_EX  -hdllog  C:\Users\lvale\Documents\TinyFPGA\repos\TinyFPGA-Bootloader\boards\TinyFPGA_EX\impl\synlog\diamond_impl_compiler.srr  -encrypt  -mp  4  -verification_mode 0  -verilog  -prodtype  synplify_pro  -dspmac -fixsmult -infer_seqShift -nram -sdff_counter -divnmod -nostructver   -I C:\Users\lvale\Documents\TinyFPGA\repos\TinyFPGA-Bootloader\boards\TinyFPGA_EX  -I C:\Users\lvale\Documents\TinyFPGA\repos\TinyFPGA-Bootloader\boards\TinyFPGA_EX\impl\  -I C:\lscc\diamond\3.9_x64\synpbase\lib   -v2001  -devicelib  C:\lscc\diamond\3.9_x64\synpbase\lib\lucent\ecp5u.v  -devicelib  C:\lscc\diamond\3.9_x64\synpbase\lib\lucent\pmi_def.v  -encrypt  -pro  -dmgen  C:\Users\lvale\Documents\TinyFPGA\repos\TinyFPGA-Bootloader\boards\TinyFPGA_EX\impl\dm  -ui -fid2 -ram -sharing on -ll 2000 -autosm  -D_MULTIPLE_FILE_COMPILATION_UNIT_  -lib work C:\Users\lvale\Documents\TinyFPGA\repos\TinyFPGA-Bootloader\boards\TinyFPGA_EX\bootloader.v -lib work C:\Users\lvale\Documents\TinyFPGA\repos\TinyFPGA-Bootloader\common\edge_detect.v -lib work C:\Users\lvale\Documents\TinyFPGA\repos\TinyFPGA-Bootloader\common\tinyfpga_bootloader.v -lib work C:\Users\lvale\Documents\TinyFPGA\repos\TinyFPGA-Bootloader\common\usb_fs_in_arb.v -lib work C:\Users\lvale\Documents\TinyFPGA\repos\TinyFPGA-Bootloader\common\usb_fs_in_pe.v -lib work C:\Users\lvale\Documents\TinyFPGA\repos\TinyFPGA-Bootloader\common\usb_fs_out_arb.v -lib work C:\Users\lvale\Documents\TinyFPGA\repos\TinyFPGA-Bootloader\common\usb_fs_out_pe.v -lib work C:\Users\lvale\Documents\TinyFPGA\repos\TinyFPGA-Bootloader\common\usb_fs_pe.v -lib work C:\Users\lvale\Documents\TinyFPGA\repos\TinyFPGA-Bootloader\common\usb_fs_rx.v -lib work C:\Users\lvale\Documents\TinyFPGA\repos\TinyFPGA-Bootloader\common\usb_fs_tx.v -lib work C:\Users\lvale\Documents\TinyFPGA\repos\TinyFPGA-Bootloader\common\usb_fs_tx_mux.v -lib work C:\Users\lvale\Documents\TinyFPGA\repos\TinyFPGA-Bootloader\common\usb_reset_det.v -lib work C:\Users\lvale\Documents\TinyFPGA\repos\TinyFPGA-Bootloader\common\usb_serial_ctrl_ep.v -lib work C:\Users\lvale\Documents\TinyFPGA\repos\TinyFPGA-Bootloader\common\usb_spi_bridge_ep.v -lib work C:\Users\lvale\Documents\TinyFPGA\repos\TinyFPGA-Bootloader\boards\TinyFPGA_EX\impl\source\usb_pll_inst.v 
rc:0 success:1 runtime:1
file:C:\Users\lvale\Documents\TinyFPGA\repos\TinyFPGA-Bootloader\boards\TinyFPGA_EX\impl\synwork\diamond_impl_comp.srs|io:o|time:1519098717|size:64267|exec:0
file:C:\Users\lvale\Documents\TinyFPGA\repos\TinyFPGA-Bootloader\boards\TinyFPGA_EX\impl\synlog\diamond_impl_compiler.srr|io:o|time:1519098760|size:40459|exec:0
file:C:\lscc\diamond\3.9_x64\synpbase\lib\lucent\ecp5u.v|io:i|time:1481014422|size:89974|exec:0
file:C:\lscc\diamond\3.9_x64\synpbase\lib\lucent\pmi_def.v|io:i|time:1481014424|size:40584|exec:0
file:C:\Users\lvale\Documents\TinyFPGA\repos\TinyFPGA-Bootloader\boards\TinyFPGA_EX\bootloader.v|io:i|time:1519098027|size:2432|exec:0
file:C:\Users\lvale\Documents\TinyFPGA\repos\TinyFPGA-Bootloader\common\edge_detect.v|io:i|time:1517376190|size:381|exec:0
file:C:\Users\lvale\Documents\TinyFPGA\repos\TinyFPGA-Bootloader\common\tinyfpga_bootloader.v|io:i|time:1518985392|size:8053|exec:0
file:C:\Users\lvale\Documents\TinyFPGA\repos\TinyFPGA-Bootloader\common\usb_fs_in_arb.v|io:i|time:1517376190|size:769|exec:0
file:C:\Users\lvale\Documents\TinyFPGA\repos\TinyFPGA-Bootloader\common\usb_fs_in_pe.v|io:i|time:1519073936|size:10009|exec:0
file:C:\Users\lvale\Documents\TinyFPGA\repos\TinyFPGA-Bootloader\common\usb_fs_out_arb.v|io:i|time:1517376190|size:502|exec:0
file:C:\Users\lvale\Documents\TinyFPGA\repos\TinyFPGA-Bootloader\common\usb_fs_out_pe.v|io:i|time:1518985942|size:11036|exec:0
file:C:\Users\lvale\Documents\TinyFPGA\repos\TinyFPGA-Bootloader\common\usb_fs_pe.v|io:i|time:1517779770|size:5871|exec:0
file:C:\Users\lvale\Documents\TinyFPGA\repos\TinyFPGA-Bootloader\common\usb_fs_rx.v|io:i|time:1518985544|size:11094|exec:0
file:C:\Users\lvale\Documents\TinyFPGA\repos\TinyFPGA-Bootloader\common\usb_fs_tx.v|io:i|time:1518985762|size:5998|exec:0
file:C:\Users\lvale\Documents\TinyFPGA\repos\TinyFPGA-Bootloader\common\usb_fs_tx_mux.v|io:i|time:1517376190|size:425|exec:0
file:C:\Users\lvale\Documents\TinyFPGA\repos\TinyFPGA-Bootloader\common\usb_reset_det.v|io:i|time:1517779408|size:664|exec:0
file:C:\Users\lvale\Documents\TinyFPGA\repos\TinyFPGA-Bootloader\common\usb_serial_ctrl_ep.v|io:i|time:1519074294|size:14265|exec:0
file:C:\Users\lvale\Documents\TinyFPGA\repos\TinyFPGA-Bootloader\common\usb_spi_bridge_ep.v|io:i|time:1519098010|size:11504|exec:0
file:C:\Users\lvale\Documents\TinyFPGA\repos\TinyFPGA-Bootloader\boards\TinyFPGA_EX\impl\source\usb_pll_inst.v|io:i|time:1517877284|size:3228|exec:0
file:C:\lscc\diamond\3.9_x64\synpbase\bin\c_hdl.exe|io:i|time:1481016902|size:1338368|exec:1
file:C:\lscc\diamond\3.9_x64\synpbase\bin64\c_hdl.exe|io:i|time:1481017106|size:1754112|exec:1
